<?xml version="1.0" encoding="UTF-8"?>
<!-- Generated by org.testng.reporters.JUnitReportReporter -->
<testsuite hostname="Mahesh" name="myPack.Ravi" tests="4" failures="0" timestamp="23 Feb 2021 01:39:18 GMT" time="34.813" errors="0">
  <testcase name="verifyLogin" time="6.262" classname="myPack.Ravi"/>
  <testcase name="deleteEmp" time="0.000" classname="myPack.Ravi"/>
  <testcase name="addEmp" time="28.550" classname="myPack.Ravi"/>
  <testcase name="editEmp" time="0.001" classname="myPack.Ravi"/>
</testsuite> <!-- myPack.Ravi -->
